Using pre-set license
Built from '2020.3/china_unity/release' branch; Version is '2020.3.3f1c1 (a34b99c2c582) revision 10701721'; Using compiler version '192528614'; Build Type 'Release'
OS: 'Windows 10 Pro; OS build 19041.264; Version 2004; 64bit' Language: 'zh' Physical Memory: 8152 MB
BatchMode: 1, IsHumanControllingUs: 0, StartBugReporterOnCrash: 0, Is64bit: 1, IsPro: 0

 COMMAND LINE ARGUMENTS:
C:\Program Files\Unity\Hub\Editor\2020.3.3f1c1\Editor\Unity.exe
-adb2
-batchMode
-noUpm
-name
AssetImportWorker0
-projectPath
E:/UnityGames/SoulLike
-logFile
Logs/AssetImportWorker0.log
-srvPort
6467
Successfully changed project path to: E:/UnityGames/SoulLike
E:/UnityGames/SoulLike
Using Asset Import Pipeline V2.
Refreshing native plugins compatible for Editor in 18.36 ms, found 0 plugins.
Preloading 0 native plugins for Editor in 0.00 ms.
Initialize engine version: 2020.3.3f1c1 (a34b99c2c582)
[Subsystems] Discovering subsystems at path C:/Program Files/Unity/Hub/Editor/2020.3.3f1c1/Editor/Data/Resources/UnitySubsystems
[Subsystems] Discovering subsystems at path E:/UnityGames/SoulLike/Assets
GfxDevice: creating device client; threaded=0
Direct3D:
    Version:  Direct3D 11.0 [level 11.1]
    Renderer: NVIDIA GeForce GTX 1070 Ti (ID=0x1b82)
    Vendor:   
    VRAM:     8079 MB
    Driver:   27.21.14.5709
Initialize mono
Mono path[0] = 'C:/Program Files/Unity/Hub/Editor/2020.3.3f1c1/Editor/Data/Managed'
Mono path[1] = 'C:/Program Files/Unity/Hub/Editor/2020.3.3f1c1/Editor/Data/MonoBleedingEdge/lib/mono/unityjit'
Mono config path = 'C:/Program Files/Unity/Hub/Editor/2020.3.3f1c1/Editor/Data/MonoBleedingEdge/etc'
Using monoOptions --debugger-agent=transport=dt_socket,embedding=1,server=y,suspend=n,address=127.0.0.1:56372
Begin MonoManager ReloadAssembly
Registering precompiled unity dll's ...
Register platform support module: C:/Program Files/Unity/Hub/Editor/2020.3.3f1c1/Editor/Data/PlaybackEngines/WindowsStandaloneSupport/UnityEditor.WindowsStandalone.Extensions.dll
Registered in 0.002712 seconds.
Native extension for WindowsStandalone target not found
Refreshing native plugins compatible for Editor in 18.24 ms, found 0 plugins.
Preloading 0 native plugins for Editor in 0.00 ms.
Invoked RoslynAnalysisRunner static constructor.
RoslynAnalysisRunner will not be running.
RoslynAnalysisRunner has terminated.
Mono: successfully reloaded assembly
- Completed reload, in  1.670 seconds
Platform modules already initialized, skipping
Registering precompiled user dll's ...
Registered in 0.000439 seconds.
Begin MonoManager ReloadAssembly
Native extension for WindowsStandalone target not found
Refreshing native plugins compatible for Editor in 0.19 ms, found 0 plugins.
Preloading 0 native plugins for Editor in 0.00 ms.
Invoked RoslynAnalysisRunner static constructor.
RoslynAnalysisRunner will not be running.
RoslynAnalysisRunner has terminated.
Mono: successfully reloaded assembly
- Completed reload, in  0.702 seconds
Platform modules already initialized, skipping
========================================================================
Worker process is ready to serve import requests
Launched and connected shader compiler UnityShaderCompiler.exe after 0.06 seconds
Refreshing native plugins compatible for Editor in 0.20 ms, found 0 plugins.
Preloading 0 native plugins for Editor in 0.00 ms.
Unloading 1115 Unused Serialized files (Serialized files now loaded: 0)
System memory in use before: 59.5 MB.
System memory in use after: 59.5 MB.

Unloading 9 unused Assets to reduce memory usage. Loaded Objects now: 1558.
Total: 1.744400 ms (FindLiveObjects: 0.256900 ms CreateObjectMapping: 0.095900 ms MarkObjects: 1.330900 ms  DeleteObjects: 0.060100 ms)

========================================================================
Received Import Request.
  path: Assets
  artifactKey: Guid(00000000000000001000000000000000) Importer(815301076,1909f56bfc062723c751e8b465ee728b)
Start importing Assets using Guid(00000000000000001000000000000000) Importer(815301076,1909f56bfc062723c751e8b465ee728b)  -> (artifact id: '89109700be8172bd51b8ef5796d635aa') in 0.002871 seconds
  Import took 0.004514 seconds .

========================================================================
Received Import Request.
  Time since last request: 2.166817 seconds.
  path: Assets/Resource
  artifactKey: Guid(f8476a28722a819438e65b30ec63de76) Importer(815301076,1909f56bfc062723c751e8b465ee728b)
Start importing Assets/Resource using Guid(f8476a28722a819438e65b30ec63de76) Importer(815301076,1909f56bfc062723c751e8b465ee728b)  -> (artifact id: '690b8bd11a62ec2957c8e2d66492d536') in 0.001161 seconds
  Import took 0.002836 seconds .

========================================================================
Received Import Request.
  Time since last request: 0.000428 seconds.
  path: Assets/Resource
  artifactKey: Guid(f8476a28722a819438e65b30ec63de76) Importer(815301076,1909f56bfc062723c751e8b465ee728b)
Start importing Assets/Resource using Guid(f8476a28722a819438e65b30ec63de76) Importer(815301076,1909f56bfc062723c751e8b465ee728b)  -> (artifact id: '690b8bd11a62ec2957c8e2d66492d536') in 0.000968 seconds
  Import took 0.002335 seconds .

========================================================================
Received Import Request.
  Time since last request: 2.328686 seconds.
  path: Assets/xbot.fbx
  artifactKey: Guid(d5bda39e477a5d24a9d6d0ba17500fc8) Importer(815301076,1909f56bfc062723c751e8b465ee728b)
Start importing Assets/xbot.fbx using Guid(d5bda39e477a5d24a9d6d0ba17500fc8) Importer(815301076,1909f56bfc062723c751e8b465ee728b)  -> (artifact id: '88eba928e1565db448886e19bc2a946e') in 0.370234 seconds
  Import took 0.372126 seconds .

========================================================================
Received Import Request.
  Time since last request: 41.502683 seconds.
  path: Assets/Resource/Packs
  artifactKey: Guid(281464de20b82c54a8bf258b622bf20d) Importer(815301076,1909f56bfc062723c751e8b465ee728b)
Start importing Assets/Resource/Packs using Guid(281464de20b82c54a8bf258b622bf20d) Importer(815301076,1909f56bfc062723c751e8b465ee728b)  -> (artifact id: '5c131a392bd122dcb3e0831a604735e0') in 0.001143 seconds
  Import took 0.003236 seconds .

========================================================================
Received Import Request.
  Time since last request: 0.000563 seconds.
  path: Assets/Resource/Packs
  artifactKey: Guid(281464de20b82c54a8bf258b622bf20d) Importer(815301076,1909f56bfc062723c751e8b465ee728b)
Start importing Assets/Resource/Packs using Guid(281464de20b82c54a8bf258b622bf20d) Importer(815301076,1909f56bfc062723c751e8b465ee728b)  -> (artifact id: '5c131a392bd122dcb3e0831a604735e0') in 0.001245 seconds
  Import took 0.002963 seconds .

========================================================================
Received Import Request.
  Time since last request: 12.208909 seconds.
  path: Assets/Resource/Animations
  artifactKey: Guid(69ca9bf068575fe4fb768da62555fcaa) Importer(815301076,1909f56bfc062723c751e8b465ee728b)
Start importing Assets/Resource/Animations using Guid(69ca9bf068575fe4fb768da62555fcaa) Importer(815301076,1909f56bfc062723c751e8b465ee728b)  -> (artifact id: '1ef68aecd621ff9cd186b07755f76732') in 0.001108 seconds
  Import took 0.002756 seconds .

========================================================================
Received Import Request.
  Time since last request: 9.472906 seconds.
  path: Assets/Resource/Animations/xbot
  artifactKey: Guid(089b55bf4f569d949a98f2f6dcaf6fa1) Importer(815301076,1909f56bfc062723c751e8b465ee728b)
Start importing Assets/Resource/Animations/xbot using Guid(089b55bf4f569d949a98f2f6dcaf6fa1) Importer(815301076,1909f56bfc062723c751e8b465ee728b)  -> (artifact id: '21145ef481be2b998d7861179cae1d20') in 0.000970 seconds
  Import took 0.002665 seconds .

========================================================================
Received Import Request.
  Time since last request: 13.656790 seconds.
  path: Assets/Resource/Animations/Player
  artifactKey: Guid(089b55bf4f569d949a98f2f6dcaf6fa1) Importer(815301076,1909f56bfc062723c751e8b465ee728b)
Start importing Assets/Resource/Animations/Player using Guid(089b55bf4f569d949a98f2f6dcaf6fa1) Importer(815301076,1909f56bfc062723c751e8b465ee728b)  -> (artifact id: '00f2e43d3a8d60ce8017fb7b016b102b') in 0.001235 seconds
  Import took 0.002875 seconds .

========================================================================
Received Import Request.
  Time since last request: 11.386756 seconds.
  path: Assets/Resource/Animations/Player/Female.fbx
  artifactKey: Guid(d5bda39e477a5d24a9d6d0ba17500fc8) Importer(815301076,1909f56bfc062723c751e8b465ee728b)
Start importing Assets/Resource/Animations/Player/Female.fbx using Guid(d5bda39e477a5d24a9d6d0ba17500fc8) Importer(815301076,1909f56bfc062723c751e8b465ee728b)  -> (artifact id: '4fb177c58233770c1a3434ed69a54b94') in 0.073280 seconds
  Import took 0.075246 seconds .

========================================================================
Received Import Request.
  Time since last request: 68.452189 seconds.
  path: Assets/Scenes/SampleScene.unity
  artifactKey: Guid(9fc0d4010bbf28b4594072e72b8655ab) Importer(815301076,1909f56bfc062723c751e8b465ee728b)
Start importing Assets/Scenes/SampleScene.unity using Guid(9fc0d4010bbf28b4594072e72b8655ab) Importer(815301076,1909f56bfc062723c751e8b465ee728b)  -> (artifact id: '1c8c096d022b73a44230a678abbfc187') in 0.001654 seconds
  Import took 0.003585 seconds .

========================================================================
Received Import Request.
  Time since last request: 0.000888 seconds.
  path: Assets/Scenes/SampleScene.unity
  artifactKey: Guid(9fc0d4010bbf28b4594072e72b8655ab) Importer(815301076,1909f56bfc062723c751e8b465ee728b)
Start importing Assets/Scenes/SampleScene.unity using Guid(9fc0d4010bbf28b4594072e72b8655ab) Importer(815301076,1909f56bfc062723c751e8b465ee728b)  -> (artifact id: '1c8c096d022b73a44230a678abbfc187') in 0.001208 seconds
  Import took 0.002764 seconds .

AssetImportWorkerClient::OnTransportError - code=2 error=End of file
